<?xml version="1.0" encoding="UTF-8"?>
<testng-results skipped="0" failed="3" ignored="0" total="15" passed="12">
  <reporter-output>
  </reporter-output>
  <suite name="Emirates_Test_Cases" duration-ms="27063" started-at="2018-09-18T23:16:41Z" finished-at="2018-09-18T23:17:09Z">
    <groups>
    </groups>
    <test name="Home_WebView_Pages_Tests" duration-ms="27063" started-at="2018-09-18T23:16:41Z" finished-at="2018-09-18T23:17:09Z">
      <class name="com.emirates.project.test.PopUpPageTest">
        <test-method status="PASS" signature="init()[pri:0, instance:com.emirates.project.test.PopUpPageTest@b97c004]" name="init" is-config="true" duration-ms="0" started-at="2018-09-18T23:16:59Z" finished-at="2018-09-18T23:16:59Z">
          <reporter-output>
          </reporter-output>
        </test-method> <!-- init -->
        <test-method status="PASS" signature="setup()[pri:0, instance:com.emirates.project.test.PopUpPageTest@b97c004]" name="setup" is-config="true" duration-ms="40" started-at="2018-09-18T23:16:59Z" finished-at="2018-09-18T23:16:59Z">
          <reporter-output>
          </reporter-output>
        </test-method> <!-- setup -->
        <test-method status="PASS" signature="returnToHomePageTest()[pri:9, instance:com.emirates.project.test.PopUpPageTest@b97c004]" name="returnToHomePageTest" duration-ms="1186" started-at="2018-09-18T23:16:59Z" finished-at="2018-09-18T23:17:01Z">
          <reporter-output>
          </reporter-output>
        </test-method> <!-- returnToHomePageTest -->
        <test-method status="PASS" signature="isPageLoadedTest()[pri:10, instance:com.emirates.project.test.PopUpPageTest@b97c004]" name="isPageLoadedTest" duration-ms="34" started-at="2018-09-18T23:17:01Z" finished-at="2018-09-18T23:17:01Z">
          <reporter-output>
          </reporter-output>
        </test-method> <!-- isPageLoadedTest -->
        <test-method status="FAIL" signature="getPopUpWindowTextTest()[pri:11, instance:com.emirates.project.test.PopUpPageTest@b97c004]" name="getPopUpWindowTextTest" duration-ms="3187" started-at="2018-09-18T23:17:01Z" finished-at="2018-09-18T23:17:04Z">
          <exception class="java.lang.IndexOutOfBoundsException">
            <message>
              <![CDATA[Index: 0, Size: 0]]>
            </message>
            <full-stacktrace>
              <![CDATA[java.lang.IndexOutOfBoundsException: Index: 0, Size: 0
at java.util.ArrayList.rangeCheck(ArrayList.java:657)
at java.util.ArrayList.get(ArrayList.java:433)
at com.emirates.project.pages.PopUpPage.getPopUpWindowText(PopUpPage.java:83)
at com.emirates.project.test.PopUpPageTest.getPopUpWindowTextTest(PopUpPageTest.java:41)
at sun.reflect.NativeMethodAccessorImpl.invoke0(Native Method)
at sun.reflect.NativeMethodAccessorImpl.invoke(NativeMethodAccessorImpl.java:62)
at sun.reflect.DelegatingMethodAccessorImpl.invoke(DelegatingMethodAccessorImpl.java:43)
at java.lang.reflect.Method.invoke(Method.java:498)
at org.testng.internal.MethodInvocationHelper.invokeMethod(MethodInvocationHelper.java:124)
at org.testng.internal.Invoker.invokeMethod(Invoker.java:583)
at org.testng.internal.Invoker.invokeTestMethod(Invoker.java:719)
at org.testng.internal.Invoker.invokeTestMethods(Invoker.java:989)
at org.testng.internal.TestMethodWorker.invokeTestMethods(TestMethodWorker.java:125)
at org.testng.internal.TestMethodWorker.run(TestMethodWorker.java:109)
at org.testng.TestRunner.privateRun(TestRunner.java:648)
at org.testng.TestRunner.run(TestRunner.java:505)
at org.testng.SuiteRunner.runTest(SuiteRunner.java:455)
at org.testng.SuiteRunner.runSequentially(SuiteRunner.java:450)
at org.testng.SuiteRunner.privateRun(SuiteRunner.java:415)
at org.testng.SuiteRunner.run(SuiteRunner.java:364)
at org.testng.SuiteRunnerWorker.runSuite(SuiteRunnerWorker.java:52)
at org.testng.SuiteRunnerWorker.run(SuiteRunnerWorker.java:84)
at org.testng.TestNG.runSuitesSequentially(TestNG.java:1208)
at org.testng.TestNG.runSuitesLocally(TestNG.java:1137)
at org.testng.TestNG.runSuites(TestNG.java:1049)
at org.testng.TestNG.run(TestNG.java:1017)
at org.apache.maven.surefire.testng.TestNGExecutor.run(TestNGExecutor.java:283)
at org.apache.maven.surefire.testng.TestNGXmlTestSuite.execute(TestNGXmlTestSuite.java:75)
at org.apache.maven.surefire.testng.TestNGProvider.invoke(TestNGProvider.java:120)
at org.apache.maven.surefire.booter.ForkedBooter.invokeProviderInSameClassLoader(ForkedBooter.java:383)
at org.apache.maven.surefire.booter.ForkedBooter.runSuitesInProcess(ForkedBooter.java:344)
at org.apache.maven.surefire.booter.ForkedBooter.execute(ForkedBooter.java:125)
at org.apache.maven.surefire.booter.ForkedBooter.main(ForkedBooter.java:417)
]]>
            </full-stacktrace>
          </exception> <!-- java.lang.IndexOutOfBoundsException -->
          <reporter-output>
          </reporter-output>
        </test-method> <!-- getPopUpWindowTextTest -->
        <test-method status="FAIL" signature="dismissPopUpWindowTest()[pri:12, instance:com.emirates.project.test.PopUpPageTest@b97c004]" name="dismissPopUpWindowTest" duration-ms="3060" started-at="2018-09-18T23:17:04Z" finished-at="2018-09-18T23:17:07Z">
          <exception class="java.lang.NullPointerException">
            <full-stacktrace>
              <![CDATA[java.lang.NullPointerException
at com.emirates.project.pages.PopUpPage.dismissPopUpWindow(PopUpPage.java:99)
at com.emirates.project.test.PopUpPageTest.dismissPopUpWindowTest(PopUpPageTest.java:48)
at sun.reflect.NativeMethodAccessorImpl.invoke0(Native Method)
at sun.reflect.NativeMethodAccessorImpl.invoke(NativeMethodAccessorImpl.java:62)
at sun.reflect.DelegatingMethodAccessorImpl.invoke(DelegatingMethodAccessorImpl.java:43)
at java.lang.reflect.Method.invoke(Method.java:498)
at org.testng.internal.MethodInvocationHelper.invokeMethod(MethodInvocationHelper.java:124)
at org.testng.internal.Invoker.invokeMethod(Invoker.java:583)
at org.testng.internal.Invoker.invokeTestMethod(Invoker.java:719)
at org.testng.internal.Invoker.invokeTestMethods(Invoker.java:989)
at org.testng.internal.TestMethodWorker.invokeTestMethods(TestMethodWorker.java:125)
at org.testng.internal.TestMethodWorker.run(TestMethodWorker.java:109)
at org.testng.TestRunner.privateRun(TestRunner.java:648)
at org.testng.TestRunner.run(TestRunner.java:505)
at org.testng.SuiteRunner.runTest(SuiteRunner.java:455)
at org.testng.SuiteRunner.runSequentially(SuiteRunner.java:450)
at org.testng.SuiteRunner.privateRun(SuiteRunner.java:415)
at org.testng.SuiteRunner.run(SuiteRunner.java:364)
at org.testng.SuiteRunnerWorker.runSuite(SuiteRunnerWorker.java:52)
at org.testng.SuiteRunnerWorker.run(SuiteRunnerWorker.java:84)
at org.testng.TestNG.runSuitesSequentially(TestNG.java:1208)
at org.testng.TestNG.runSuitesLocally(TestNG.java:1137)
at org.testng.TestNG.runSuites(TestNG.java:1049)
at org.testng.TestNG.run(TestNG.java:1017)
at org.apache.maven.surefire.testng.TestNGExecutor.run(TestNGExecutor.java:283)
at org.apache.maven.surefire.testng.TestNGXmlTestSuite.execute(TestNGXmlTestSuite.java:75)
at org.apache.maven.surefire.testng.TestNGProvider.invoke(TestNGProvider.java:120)
at org.apache.maven.surefire.booter.ForkedBooter.invokeProviderInSameClassLoader(ForkedBooter.java:383)
at org.apache.maven.surefire.booter.ForkedBooter.runSuitesInProcess(ForkedBooter.java:344)
at org.apache.maven.surefire.booter.ForkedBooter.execute(ForkedBooter.java:125)
at org.apache.maven.surefire.booter.ForkedBooter.main(ForkedBooter.java:417)
]]>
            </full-stacktrace>
          </exception> <!-- java.lang.NullPointerException -->
          <reporter-output>
          </reporter-output>
        </test-method> <!-- dismissPopUpWindowTest -->
        <test-method status="FAIL" signature="clickThrowExceptionButton()[pri:13, instance:com.emirates.project.test.PopUpPageTest@b97c004]" name="clickThrowExceptionButton" duration-ms="1614" started-at="2018-09-18T23:17:07Z" finished-at="2018-09-18T23:17:09Z">
          <exception class="java.lang.AssertionError">
            <message>
              <![CDATA[Expected to faild. Exception thrown by clicking the exception button! expected [true] but found [false]]]>
            </message>
            <full-stacktrace>
              <![CDATA[java.lang.AssertionError: Expected to faild. Exception thrown by clicking the exception button! expected [true] but found [false]
at org.testng.Assert.fail(Assert.java:96)
at org.testng.Assert.failNotEquals(Assert.java:776)
at org.testng.Assert.assertTrue(Assert.java:44)
at com.emirates.project.test.PopUpPageTest.clickThrowExceptionButton(PopUpPageTest.java:55)
at sun.reflect.NativeMethodAccessorImpl.invoke0(Native Method)
at sun.reflect.NativeMethodAccessorImpl.invoke(NativeMethodAccessorImpl.java:62)
at sun.reflect.DelegatingMethodAccessorImpl.invoke(DelegatingMethodAccessorImpl.java:43)
at java.lang.reflect.Method.invoke(Method.java:498)
at org.testng.internal.MethodInvocationHelper.invokeMethod(MethodInvocationHelper.java:124)
at org.testng.internal.Invoker.invokeMethod(Invoker.java:583)
at org.testng.internal.Invoker.invokeTestMethod(Invoker.java:719)
at org.testng.internal.Invoker.invokeTestMethods(Invoker.java:989)
at org.testng.internal.TestMethodWorker.invokeTestMethods(TestMethodWorker.java:125)
at org.testng.internal.TestMethodWorker.run(TestMethodWorker.java:109)
at org.testng.TestRunner.privateRun(TestRunner.java:648)
at org.testng.TestRunner.run(TestRunner.java:505)
at org.testng.SuiteRunner.runTest(SuiteRunner.java:455)
at org.testng.SuiteRunner.runSequentially(SuiteRunner.java:450)
at org.testng.SuiteRunner.privateRun(SuiteRunner.java:415)
at org.testng.SuiteRunner.run(SuiteRunner.java:364)
at org.testng.SuiteRunnerWorker.runSuite(SuiteRunnerWorker.java:52)
at org.testng.SuiteRunnerWorker.run(SuiteRunnerWorker.java:84)
at org.testng.TestNG.runSuitesSequentially(TestNG.java:1208)
at org.testng.TestNG.runSuitesLocally(TestNG.java:1137)
at org.testng.TestNG.runSuites(TestNG.java:1049)
at org.testng.TestNG.run(TestNG.java:1017)
at org.apache.maven.surefire.testng.TestNGExecutor.run(TestNGExecutor.java:283)
at org.apache.maven.surefire.testng.TestNGXmlTestSuite.execute(TestNGXmlTestSuite.java:75)
at org.apache.maven.surefire.testng.TestNGProvider.invoke(TestNGProvider.java:120)
at org.apache.maven.surefire.booter.ForkedBooter.invokeProviderInSameClassLoader(ForkedBooter.java:383)
at org.apache.maven.surefire.booter.ForkedBooter.runSuitesInProcess(ForkedBooter.java:344)
at org.apache.maven.surefire.booter.ForkedBooter.execute(ForkedBooter.java:125)
at org.apache.maven.surefire.booter.ForkedBooter.main(ForkedBooter.java:417)
]]>
            </full-stacktrace>
          </exception> <!-- java.lang.AssertionError -->
          <reporter-output>
          </reporter-output>
        </test-method> <!-- clickThrowExceptionButton -->
        <test-method status="PASS" signature="isPageUnloadedTest()[pri:14, instance:com.emirates.project.test.PopUpPageTest@b97c004]" name="isPageUnloadedTest" duration-ms="0" started-at="2018-09-18T23:17:09Z" finished-at="2018-09-18T23:17:09Z">
          <reporter-output>
          </reporter-output>
        </test-method> <!-- isPageUnloadedTest -->
        <test-method status="PASS" signature="tearDown()[pri:0, instance:com.emirates.project.test.PopUpPageTest@b97c004]" name="tearDown" is-config="true" duration-ms="0" started-at="2018-09-18T23:17:09Z" finished-at="2018-09-18T23:17:09Z">
          <reporter-output>
          </reporter-output>
        </test-method> <!-- tearDown -->
      </class> <!-- com.emirates.project.test.PopUpPageTest -->
      <class name="com.emirates.project.test.CarSelectionPageTest">
        <test-method status="PASS" signature="init()[pri:0, instance:com.emirates.project.test.CarSelectionPageTest@5cc7c2a6]" name="init" is-config="true" duration-ms="0" started-at="2018-09-18T23:16:45Z" finished-at="2018-09-18T23:16:45Z">
          <reporter-output>
          </reporter-output>
        </test-method> <!-- init -->
        <test-method status="PASS" signature="setup()[pri:0, instance:com.emirates.project.test.CarSelectionPageTest@5cc7c2a6]" name="setup" is-config="true" duration-ms="24" started-at="2018-09-18T23:16:45Z" finished-at="2018-09-18T23:16:45Z">
          <reporter-output>
          </reporter-output>
        </test-method> <!-- setup -->
        <test-method status="PASS" signature="isPageLoadedTest()[pri:3, instance:com.emirates.project.test.CarSelectionPageTest@5cc7c2a6]" name="isPageLoadedTest" duration-ms="216" started-at="2018-09-18T23:16:45Z" finished-at="2018-09-18T23:16:45Z">
          <reporter-output>
          </reporter-output>
        </test-method> <!-- isPageLoadedTest -->
        <test-method status="PASS" signature="enterUserNameTest()[pri:4, instance:com.emirates.project.test.CarSelectionPageTest@5cc7c2a6]" name="enterUserNameTest" duration-ms="10641" started-at="2018-09-18T23:16:45Z" finished-at="2018-09-18T23:16:56Z">
          <reporter-output>
          </reporter-output>
        </test-method> <!-- enterUserNameTest -->
        <test-method status="PASS" signature="performCarSelectionTest()[pri:5, instance:com.emirates.project.test.CarSelectionPageTest@5cc7c2a6]" name="performCarSelectionTest" duration-ms="2407" started-at="2018-09-18T23:16:56Z" finished-at="2018-09-18T23:16:58Z">
          <reporter-output>
          </reporter-output>
        </test-method> <!-- performCarSelectionTest -->
        <test-method status="PASS" signature="clickSendNameButtonTest()[pri:6, instance:com.emirates.project.test.CarSelectionPageTest@5cc7c2a6]" name="clickSendNameButtonTest" duration-ms="305" started-at="2018-09-18T23:16:58Z" finished-at="2018-09-18T23:16:58Z">
          <reporter-output>
          </reporter-output>
        </test-method> <!-- clickSendNameButtonTest -->
        <test-method status="PASS" signature="isUserDataShownTest()[pri:7, instance:com.emirates.project.test.CarSelectionPageTest@5cc7c2a6]" name="isUserDataShownTest" duration-ms="917" started-at="2018-09-18T23:16:58Z" finished-at="2018-09-18T23:16:59Z">
          <reporter-output>
          </reporter-output>
        </test-method> <!-- isUserDataShownTest -->
        <test-method status="PASS" signature="isPageUnloadedTest()[pri:8, instance:com.emirates.project.test.CarSelectionPageTest@5cc7c2a6]" name="isPageUnloadedTest" duration-ms="92" started-at="2018-09-18T23:16:59Z" finished-at="2018-09-18T23:16:59Z">
          <reporter-output>
          </reporter-output>
        </test-method> <!-- isPageUnloadedTest -->
        <test-method status="PASS" signature="tearDown()[pri:0, instance:com.emirates.project.test.CarSelectionPageTest@5cc7c2a6]" name="tearDown" is-config="true" duration-ms="0" started-at="2018-09-18T23:16:59Z" finished-at="2018-09-18T23:16:59Z">
          <reporter-output>
          </reporter-output>
        </test-method> <!-- tearDown -->
      </class> <!-- com.emirates.project.test.CarSelectionPageTest -->
      <class name="com.emirates.project.test.HomePageTest">
        <test-method status="PASS" signature="setup()[pri:0, instance:com.emirates.project.test.HomePageTest@3c09711b]" name="setup" is-config="true" duration-ms="222" started-at="2018-09-18T23:16:42Z" finished-at="2018-09-18T23:16:42Z">
          <reporter-output>
          </reporter-output>
        </test-method> <!-- setup -->
        <test-method status="PASS" signature="init()[pri:0, instance:com.emirates.project.test.HomePageTest@3c09711b]" name="init" is-config="true" duration-ms="0" started-at="2018-09-18T23:16:42Z" finished-at="2018-09-18T23:16:42Z">
          <reporter-output>
          </reporter-output>
        </test-method> <!-- init -->
        <test-method status="PASS" signature="isPageLoadedTest()[pri:0, instance:com.emirates.project.test.HomePageTest@3c09711b]" name="isPageLoadedTest" duration-ms="117" started-at="2018-09-18T23:16:42Z" finished-at="2018-09-18T23:16:42Z">
          <reporter-output>
          </reporter-output>
        </test-method> <!-- isPageLoadedTest -->
        <test-method status="PASS" signature="clickChromeIconTest()[pri:1, instance:com.emirates.project.test.HomePageTest@3c09711b]" name="clickChromeIconTest" duration-ms="301" started-at="2018-09-18T23:16:42Z" finished-at="2018-09-18T23:16:42Z">
          <reporter-output>
          </reporter-output>
        </test-method> <!-- clickChromeIconTest -->
        <test-method status="PASS" signature="isPageUnloadedTest()[pri:2, instance:com.emirates.project.test.HomePageTest@3c09711b]" name="isPageUnloadedTest" duration-ms="2659" started-at="2018-09-18T23:16:42Z" finished-at="2018-09-18T23:16:45Z">
          <reporter-output>
          </reporter-output>
        </test-method> <!-- isPageUnloadedTest -->
        <test-method status="PASS" signature="tearDown()[pri:0, instance:com.emirates.project.test.HomePageTest@3c09711b]" name="tearDown" is-config="true" duration-ms="1" started-at="2018-09-18T23:16:45Z" finished-at="2018-09-18T23:16:45Z">
          <reporter-output>
          </reporter-output>
        </test-method> <!-- tearDown -->
      </class> <!-- com.emirates.project.test.HomePageTest -->
      <class name="com.emirates.project.test.TestPrimer">
        <test-method status="PASS" signature="setup()[pri:0, instance:com.emirates.project.test.TestPrimer@7946e1f4]" name="setup" is-config="true" duration-ms="9063" started-at="2018-09-18T23:16:32Z" finished-at="2018-09-18T23:16:41Z">
          <reporter-output>
          </reporter-output>
        </test-method> <!-- setup -->
        <test-method status="PASS" signature="tearDown()[pri:0, instance:com.emirates.project.test.TestPrimer@7946e1f4]" name="tearDown" is-config="true" duration-ms="1551" started-at="2018-09-18T23:17:09Z" finished-at="2018-09-18T23:17:10Z">
          <reporter-output>
          </reporter-output>
        </test-method> <!-- tearDown -->
      </class> <!-- com.emirates.project.test.TestPrimer -->
    </test> <!-- Home_WebView_Pages_Tests -->
  </suite> <!-- Emirates_Test_Cases -->
</testng-results>
