<?xml version="1.0" encoding="UTF-8"?>
<!-- Generated by org.testng.reporters.JUnitXMLReporter -->
<testsuite hostname="SCC0679" ignored="0" name="Home_WebView_Pages_Tests" tests="15" failures="3" timestamp="18 sep 2018 23:17:09 GMT" time="27.063" errors="0">
  <testcase name="isPageLoadedTest" time="0.117" classname="com.emirates.project.test.HomePageTest"/>
  <testcase name="clickChromeIconTest" time="0.301" classname="com.emirates.project.test.HomePageTest"/>
  <testcase name="isPageUnloadedTest" time="2.659" classname="com.emirates.project.test.HomePageTest"/>
  <testcase name="isPageLoadedTest" time="0.216" classname="com.emirates.project.test.CarSelectionPageTest"/>
  <testcase name="enterUserNameTest" time="10.641" classname="com.emirates.project.test.CarSelectionPageTest"/>
  <testcase name="performCarSelectionTest" time="2.407" classname="com.emirates.project.test.CarSelectionPageTest"/>
  <testcase name="clickSendNameButtonTest" time="0.305" classname="com.emirates.project.test.CarSelectionPageTest"/>
  <testcase name="isUserDataShownTest" time="0.917" classname="com.emirates.project.test.CarSelectionPageTest"/>
  <testcase name="isPageUnloadedTest" time="0.092" classname="com.emirates.project.test.CarSelectionPageTest"/>
  <testcase name="returnToHomePageTest" time="1.186" classname="com.emirates.project.test.PopUpPageTest"/>
  <testcase name="isPageLoadedTest" time="0.034" classname="com.emirates.project.test.PopUpPageTest"/>
  <testcase name="getPopUpWindowTextTest" time="3.187" classname="com.emirates.project.test.PopUpPageTest">
    <failure type="java.lang.IndexOutOfBoundsException" message="Index: 0, Size: 0">
      <![CDATA[java.lang.IndexOutOfBoundsException: Index: 0, Size: 0
at java.util.ArrayList.rangeCheck(ArrayList.java:657)
at java.util.ArrayList.get(ArrayList.java:433)
at com.emirates.project.pages.PopUpPage.getPopUpWindowText(PopUpPage.java:83)
at com.emirates.project.test.PopUpPageTest.getPopUpWindowTextTest(PopUpPageTest.java:41)
... Removed 29 stack frames]]>
    </failure>
  </testcase> <!-- getPopUpWindowTextTest -->
  <testcase name="dismissPopUpWindowTest" time="3.06" classname="com.emirates.project.test.PopUpPageTest">
    <failure type="java.lang.NullPointerException">
      <![CDATA[java.lang.NullPointerException
at com.emirates.project.pages.PopUpPage.dismissPopUpWindow(PopUpPage.java:99)
at com.emirates.project.test.PopUpPageTest.dismissPopUpWindowTest(PopUpPageTest.java:48)
... Removed 29 stack frames]]>
    </failure>
  </testcase> <!-- dismissPopUpWindowTest -->
  <testcase name="clickThrowExceptionButton" time="1.614" classname="com.emirates.project.test.PopUpPageTest">
    <failure type="java.lang.AssertionError" message="Expected to faild. Exception thrown by clicking the exception button! expected [true] but found [false]">
      <![CDATA[java.lang.AssertionError: Expected to faild. Exception thrown by clicking the exception button! expected [true] but found [false]
at com.emirates.project.test.PopUpPageTest.clickThrowExceptionButton(PopUpPageTest.java:55)
... Removed 32 stack frames]]>
    </failure>
  </testcase> <!-- clickThrowExceptionButton -->
  <testcase name="isPageUnloadedTest" time="0.0" classname="com.emirates.project.test.PopUpPageTest"/>
</testsuite> <!-- Home_WebView_Pages_Tests -->
