<html>
<head>
<title>TestNG:  Home_WebView_Pages_Tests</title>
<link href="../testng.css" rel="stylesheet" type="text/css" />
<link href="../my-testng.css" rel="stylesheet" type="text/css" />

<style type="text/css">
.log { display: none;} 
.stack-trace { display: none;} 
</style>
<script type="text/javascript">
<!--
function flip(e) {
  current = e.style.display;
  if (current == 'block') {
    e.style.display = 'none';
    return 0;
  }
  else {
    e.style.display = 'block';
    return 1;
  }
}

function toggleBox(szDivId, elem, msg1, msg2)
{
  var res = -1;  if (document.getElementById) {
    res = flip(document.getElementById(szDivId));
  }
  else if (document.all) {
    // this is the way old msie versions work
    res = flip(document.all[szDivId]);
  }
  if(elem) {
    if(res == 0) elem.innerHTML = msg1; else elem.innerHTML = msg2;
  }

}

function toggleAllBoxes() {
  if (document.getElementsByTagName) {
    d = document.getElementsByTagName('div');
    for (i = 0; i < d.length; i++) {
      if (d[i].className == 'log') {
        flip(d[i]);
      }
    }
  }
}

// -->
</script>

</head>
<body>
<h2 align='center'>Home_WebView_Pages_Tests</h2><table border='1' align="center">
<tr>
<td>Tests passed/Failed/Skipped:</td><td>12/3/0</td>
</tr><tr>
<td>Started on:</td><td>Wed Sep 19 01:16:41 CEST 2018</td>
</tr>
<tr><td>Total time:</td><td>27 seconds (27063 ms)</td>
</tr><tr>
<td>Included groups:</td><td></td>
</tr><tr>
<td>Excluded groups:</td><td></td>
</tr>
</table><p/>
<small><i>(Hover the method name to see the test class name)</i></small><p/>
<table width='100%' border='1' class='invocation-failed'>
<tr><td colspan='4' align='center'><b>FAILED TESTS</b></td></tr>
<tr><td><b>Test method</b></td>
<td width="30%"><b>Exception</b></td>
<td width="10%"><b>Time (seconds)</b></td>
<td><b>Instance</b></td>
</tr>
<tr>
<td title='com.emirates.project.test.PopUpPageTest.clickThrowExceptionButton()'><b>clickThrowExceptionButton</b><br>Test class: com.emirates.project.test.PopUpPageTest</td>
<td><div><pre>java.lang.AssertionError: Expected to faild. Exception thrown by clicking the exception button! expected [true] but found [false]
	at com.emirates.project.test.PopUpPageTest.clickThrowExceptionButton(PopUpPageTest.java:55)
... Removed 32 stack frames</pre></div><a href='#' onClick='toggleBox("stack-trace26030311", this, "Click to show all stack frames", "Click to hide stack frames")'>Click to show all stack frames</a>
<div class='stack-trace' id='stack-trace26030311'><pre>java.lang.AssertionError: Expected to faild. Exception thrown by clicking the exception button! expected [true] but found [false]
	at org.testng.Assert.fail(Assert.java:96)
	at org.testng.Assert.failNotEquals(Assert.java:776)
	at org.testng.Assert.assertTrue(Assert.java:44)
	at com.emirates.project.test.PopUpPageTest.clickThrowExceptionButton(PopUpPageTest.java:55)
	at sun.reflect.NativeMethodAccessorImpl.invoke0(Native Method)
	at sun.reflect.NativeMethodAccessorImpl.invoke(NativeMethodAccessorImpl.java:62)
	at sun.reflect.DelegatingMethodAccessorImpl.invoke(DelegatingMethodAccessorImpl.java:43)
	at java.lang.reflect.Method.invoke(Method.java:498)
	at org.testng.internal.MethodInvocationHelper.invokeMethod(MethodInvocationHelper.java:124)
	at org.testng.internal.Invoker.invokeMethod(Invoker.java:583)
	at org.testng.internal.Invoker.invokeTestMethod(Invoker.java:719)
	at org.testng.internal.Invoker.invokeTestMethods(Invoker.java:989)
	at org.testng.internal.TestMethodWorker.invokeTestMethods(TestMethodWorker.java:125)
	at org.testng.internal.TestMethodWorker.run(TestMethodWorker.java:109)
	at org.testng.TestRunner.privateRun(TestRunner.java:648)
	at org.testng.TestRunner.run(TestRunner.java:505)
	at org.testng.SuiteRunner.runTest(SuiteRunner.java:455)
	at org.testng.SuiteRunner.runSequentially(SuiteRunner.java:450)
	at org.testng.SuiteRunner.privateRun(SuiteRunner.java:415)
	at org.testng.SuiteRunner.run(SuiteRunner.java:364)
	at org.testng.SuiteRunnerWorker.runSuite(SuiteRunnerWorker.java:52)
	at org.testng.SuiteRunnerWorker.run(SuiteRunnerWorker.java:84)
	at org.testng.TestNG.runSuitesSequentially(TestNG.java:1208)
	at org.testng.TestNG.runSuitesLocally(TestNG.java:1137)
	at org.testng.TestNG.runSuites(TestNG.java:1049)
	at org.testng.TestNG.run(TestNG.java:1017)
	at org.apache.maven.surefire.testng.TestNGExecutor.run(TestNGExecutor.java:283)
	at org.apache.maven.surefire.testng.TestNGXmlTestSuite.execute(TestNGXmlTestSuite.java:75)
	at org.apache.maven.surefire.testng.TestNGProvider.invoke(TestNGProvider.java:120)
	at org.apache.maven.surefire.booter.ForkedBooter.invokeProviderInSameClassLoader(ForkedBooter.java:383)
	at org.apache.maven.surefire.booter.ForkedBooter.runSuitesInProcess(ForkedBooter.java:344)
	at org.apache.maven.surefire.booter.ForkedBooter.execute(ForkedBooter.java:125)
	at org.apache.maven.surefire.booter.ForkedBooter.main(ForkedBooter.java:417)
</pre></div></td>
<td>1</td>
<td>com.emirates.project.test.PopUpPageTest@b97c004</td></tr>
<tr>
<td title='com.emirates.project.test.PopUpPageTest.dismissPopUpWindowTest()'><b>dismissPopUpWindowTest</b><br>Test class: com.emirates.project.test.PopUpPageTest</td>
<td><div><pre>java.lang.NullPointerException
	at com.emirates.project.pages.PopUpPage.dismissPopUpWindow(PopUpPage.java:99)
	at com.emirates.project.test.PopUpPageTest.dismissPopUpWindowTest(PopUpPageTest.java:48)
... Removed 29 stack frames</pre></div><a href='#' onClick='toggleBox("stack-trace1538456363", this, "Click to show all stack frames", "Click to hide stack frames")'>Click to show all stack frames</a>
<div class='stack-trace' id='stack-trace1538456363'><pre>java.lang.NullPointerException
	at com.emirates.project.pages.PopUpPage.dismissPopUpWindow(PopUpPage.java:99)
	at com.emirates.project.test.PopUpPageTest.dismissPopUpWindowTest(PopUpPageTest.java:48)
	at sun.reflect.NativeMethodAccessorImpl.invoke0(Native Method)
	at sun.reflect.NativeMethodAccessorImpl.invoke(NativeMethodAccessorImpl.java:62)
	at sun.reflect.DelegatingMethodAccessorImpl.invoke(DelegatingMethodAccessorImpl.java:43)
	at java.lang.reflect.Method.invoke(Method.java:498)
	at org.testng.internal.MethodInvocationHelper.invokeMethod(MethodInvocationHelper.java:124)
	at org.testng.internal.Invoker.invokeMethod(Invoker.java:583)
	at org.testng.internal.Invoker.invokeTestMethod(Invoker.java:719)
	at org.testng.internal.Invoker.invokeTestMethods(Invoker.java:989)
	at org.testng.internal.TestMethodWorker.invokeTestMethods(TestMethodWorker.java:125)
	at org.testng.internal.TestMethodWorker.run(TestMethodWorker.java:109)
	at org.testng.TestRunner.privateRun(TestRunner.java:648)
	at org.testng.TestRunner.run(TestRunner.java:505)
	at org.testng.SuiteRunner.runTest(SuiteRunner.java:455)
	at org.testng.SuiteRunner.runSequentially(SuiteRunner.java:450)
	at org.testng.SuiteRunner.privateRun(SuiteRunner.java:415)
	at org.testng.SuiteRunner.run(SuiteRunner.java:364)
	at org.testng.SuiteRunnerWorker.runSuite(SuiteRunnerWorker.java:52)
	at org.testng.SuiteRunnerWorker.run(SuiteRunnerWorker.java:84)
	at org.testng.TestNG.runSuitesSequentially(TestNG.java:1208)
	at org.testng.TestNG.runSuitesLocally(TestNG.java:1137)
	at org.testng.TestNG.runSuites(TestNG.java:1049)
	at org.testng.TestNG.run(TestNG.java:1017)
	at org.apache.maven.surefire.testng.TestNGExecutor.run(TestNGExecutor.java:283)
	at org.apache.maven.surefire.testng.TestNGXmlTestSuite.execute(TestNGXmlTestSuite.java:75)
	at org.apache.maven.surefire.testng.TestNGProvider.invoke(TestNGProvider.java:120)
	at org.apache.maven.surefire.booter.ForkedBooter.invokeProviderInSameClassLoader(ForkedBooter.java:383)
	at org.apache.maven.surefire.booter.ForkedBooter.runSuitesInProcess(ForkedBooter.java:344)
	at org.apache.maven.surefire.booter.ForkedBooter.execute(ForkedBooter.java:125)
	at org.apache.maven.surefire.booter.ForkedBooter.main(ForkedBooter.java:417)
</pre></div></td>
<td>3</td>
<td>com.emirates.project.test.PopUpPageTest@b97c004</td></tr>
<tr>
<td title='com.emirates.project.test.PopUpPageTest.getPopUpWindowTextTest()'><b>getPopUpWindowTextTest</b><br>Test class: com.emirates.project.test.PopUpPageTest</td>
<td><div><pre>java.lang.IndexOutOfBoundsException: Index: 0, Size: 0
	at java.util.ArrayList.rangeCheck(ArrayList.java:657)
	at java.util.ArrayList.get(ArrayList.java:433)
	at com.emirates.project.pages.PopUpPage.getPopUpWindowText(PopUpPage.java:83)
	at com.emirates.project.test.PopUpPageTest.getPopUpWindowTextTest(PopUpPageTest.java:41)
... Removed 29 stack frames</pre></div><a href='#' onClick='toggleBox("stack-trace936546050", this, "Click to show all stack frames", "Click to hide stack frames")'>Click to show all stack frames</a>
<div class='stack-trace' id='stack-trace936546050'><pre>java.lang.IndexOutOfBoundsException: Index: 0, Size: 0
	at java.util.ArrayList.rangeCheck(ArrayList.java:657)
	at java.util.ArrayList.get(ArrayList.java:433)
	at com.emirates.project.pages.PopUpPage.getPopUpWindowText(PopUpPage.java:83)
	at com.emirates.project.test.PopUpPageTest.getPopUpWindowTextTest(PopUpPageTest.java:41)
	at sun.reflect.NativeMethodAccessorImpl.invoke0(Native Method)
	at sun.reflect.NativeMethodAccessorImpl.invoke(NativeMethodAccessorImpl.java:62)
	at sun.reflect.DelegatingMethodAccessorImpl.invoke(DelegatingMethodAccessorImpl.java:43)
	at java.lang.reflect.Method.invoke(Method.java:498)
	at org.testng.internal.MethodInvocationHelper.invokeMethod(MethodInvocationHelper.java:124)
	at org.testng.internal.Invoker.invokeMethod(Invoker.java:583)
	at org.testng.internal.Invoker.invokeTestMethod(Invoker.java:719)
	at org.testng.internal.Invoker.invokeTestMethods(Invoker.java:989)
	at org.testng.internal.TestMethodWorker.invokeTestMethods(TestMethodWorker.java:125)
	at org.testng.internal.TestMethodWorker.run(TestMethodWorker.java:109)
	at org.testng.TestRunner.privateRun(TestRunner.java:648)
	at org.testng.TestRunner.run(TestRunner.java:505)
	at org.testng.SuiteRunner.runTest(SuiteRunner.java:455)
	at org.testng.SuiteRunner.runSequentially(SuiteRunner.java:450)
	at org.testng.SuiteRunner.privateRun(SuiteRunner.java:415)
	at org.testng.SuiteRunner.run(SuiteRunner.java:364)
	at org.testng.SuiteRunnerWorker.runSuite(SuiteRunnerWorker.java:52)
	at org.testng.SuiteRunnerWorker.run(SuiteRunnerWorker.java:84)
	at org.testng.TestNG.runSuitesSequentially(TestNG.java:1208)
	at org.testng.TestNG.runSuitesLocally(TestNG.java:1137)
	at org.testng.TestNG.runSuites(TestNG.java:1049)
	at org.testng.TestNG.run(TestNG.java:1017)
	at org.apache.maven.surefire.testng.TestNGExecutor.run(TestNGExecutor.java:283)
	at org.apache.maven.surefire.testng.TestNGXmlTestSuite.execute(TestNGXmlTestSuite.java:75)
	at org.apache.maven.surefire.testng.TestNGProvider.invoke(TestNGProvider.java:120)
	at org.apache.maven.surefire.booter.ForkedBooter.invokeProviderInSameClassLoader(ForkedBooter.java:383)
	at org.apache.maven.surefire.booter.ForkedBooter.runSuitesInProcess(ForkedBooter.java:344)
	at org.apache.maven.surefire.booter.ForkedBooter.execute(ForkedBooter.java:125)
	at org.apache.maven.surefire.booter.ForkedBooter.main(ForkedBooter.java:417)
</pre></div></td>
<td>3</td>
<td>com.emirates.project.test.PopUpPageTest@b97c004</td></tr>
</table><p>
<table width='100%' border='1' class='invocation-passed'>
<tr><td colspan='4' align='center'><b>PASSED TESTS</b></td></tr>
<tr><td><b>Test method</b></td>
<td width="30%"><b>Exception</b></td>
<td width="10%"><b>Time (seconds)</b></td>
<td><b>Instance</b></td>
</tr>
<tr>
<td title='com.emirates.project.test.HomePageTest.clickChromeIconTest()'><b>clickChromeIconTest</b><br>Test class: com.emirates.project.test.HomePageTest</td>
<td></td>
<td>0</td>
<td>com.emirates.project.test.HomePageTest@3c09711b</td></tr>
<tr>
<td title='com.emirates.project.test.CarSelectionPageTest.clickSendNameButtonTest()'><b>clickSendNameButtonTest</b><br>Test class: com.emirates.project.test.CarSelectionPageTest</td>
<td></td>
<td>0</td>
<td>com.emirates.project.test.CarSelectionPageTest@5cc7c2a6</td></tr>
<tr>
<td title='com.emirates.project.test.CarSelectionPageTest.enterUserNameTest()'><b>enterUserNameTest</b><br>Test class: com.emirates.project.test.CarSelectionPageTest</td>
<td></td>
<td>10</td>
<td>com.emirates.project.test.CarSelectionPageTest@5cc7c2a6</td></tr>
<tr>
<td title='com.emirates.project.test.HomePageTest.isPageLoadedTest()'><b>isPageLoadedTest</b><br>Test class: com.emirates.project.test.HomePageTest</td>
<td></td>
<td>0</td>
<td>com.emirates.project.test.HomePageTest@3c09711b</td></tr>
<tr>
<td title='com.emirates.project.test.CarSelectionPageTest.isPageLoadedTest()'><b>isPageLoadedTest</b><br>Test class: com.emirates.project.test.CarSelectionPageTest</td>
<td></td>
<td>0</td>
<td>com.emirates.project.test.CarSelectionPageTest@5cc7c2a6</td></tr>
<tr>
<td title='com.emirates.project.test.PopUpPageTest.isPageLoadedTest()'><b>isPageLoadedTest</b><br>Test class: com.emirates.project.test.PopUpPageTest</td>
<td></td>
<td>0</td>
<td>com.emirates.project.test.PopUpPageTest@b97c004</td></tr>
<tr>
<td title='com.emirates.project.test.HomePageTest.isPageUnloadedTest()'><b>isPageUnloadedTest</b><br>Test class: com.emirates.project.test.HomePageTest</td>
<td></td>
<td>2</td>
<td>com.emirates.project.test.HomePageTest@3c09711b</td></tr>
<tr>
<td title='com.emirates.project.test.CarSelectionPageTest.isPageUnloadedTest()'><b>isPageUnloadedTest</b><br>Test class: com.emirates.project.test.CarSelectionPageTest</td>
<td></td>
<td>0</td>
<td>com.emirates.project.test.CarSelectionPageTest@5cc7c2a6</td></tr>
<tr>
<td title='com.emirates.project.test.PopUpPageTest.isPageUnloadedTest()'><b>isPageUnloadedTest</b><br>Test class: com.emirates.project.test.PopUpPageTest</td>
<td></td>
<td>0</td>
<td>com.emirates.project.test.PopUpPageTest@b97c004</td></tr>
<tr>
<td title='com.emirates.project.test.CarSelectionPageTest.isUserDataShownTest()'><b>isUserDataShownTest</b><br>Test class: com.emirates.project.test.CarSelectionPageTest</td>
<td></td>
<td>0</td>
<td>com.emirates.project.test.CarSelectionPageTest@5cc7c2a6</td></tr>
<tr>
<td title='com.emirates.project.test.CarSelectionPageTest.performCarSelectionTest()'><b>performCarSelectionTest</b><br>Test class: com.emirates.project.test.CarSelectionPageTest</td>
<td></td>
<td>2</td>
<td>com.emirates.project.test.CarSelectionPageTest@5cc7c2a6</td></tr>
<tr>
<td title='com.emirates.project.test.PopUpPageTest.returnToHomePageTest()'><b>returnToHomePageTest</b><br>Test class: com.emirates.project.test.PopUpPageTest</td>
<td></td>
<td>1</td>
<td>com.emirates.project.test.PopUpPageTest@b97c004</td></tr>
</table><p>
</body>
</html>